<?xml version="1.0" encoding="UTF-8"?>
<testsuite xmlns:xsi="http://www.w3.org/2001/XMLSchema-instance" xsi:noNamespaceSchemaLocation="https://maven.apache.org/surefire/maven-surefire-plugin/xsd/surefire-test-report.xsd" version="3.0.2" name="runners.TestRunner" time="46.061" tests="1" errors="0" skipped="0" failures="0">
  <properties>
[...]
</properties>
  <testcase name="Edit contact information successfully" classname="Employee updates his contact information" time="43.299">
    <system-out><![CDATA[
@updated
Scenario Outline: Edit contact information successfully                                                                                                                                                                                                            &amp#27;[90m# src/test/resources/features/EditContactDetails.feature:25&amp#27;[0m
  &amp#27;[32mWhen &amp#27;[0m&amp#27;[32muser enters admin username and admin password&amp#27;[0m                                                                                                                                                                                                               &amp#27;[90m# steps.LoginSteps.user_enters_admin_username_and_admin_password()&amp#27;[0m
  &amp#27;[32mAnd &amp#27;[0m&amp#27;[32muser clicks on login button&amp#27;[0m                                                                                                                                                                                                                                  &amp#27;[90m# steps.LoginSteps.user_clicks_on_login_button()&amp#27;[0m
  &amp#27;[32mThen &amp#27;[0m&amp#27;[32muser is navigated to dashboard page&amp#27;[0m                                                                                                                                                                                                                         &amp#27;[90m# steps.LoginSteps.user_is_navigated_to_dashboard_page()&amp#27;[0m
  &amp#27;[32mWhen &amp#27;[0m&amp#27;[32muser clicks on PIM option&amp#27;[0m                                                                                                                                                                                                                                   &amp#27;[90m# steps.DashboardSteps.user_clicks_on_pim_option()&amp#27;[0m
  &amp#27;[32mAnd &amp#27;[0m&amp#27;[32muser clicks on employee list option&amp#27;[0m                                                                                                                                                                                                                          &amp#27;[90m# steps.DashboardSteps.user_clicks_on_employee_list_option()&amp#27;[0m
  &amp#27;[32mAnd &amp#27;[0m&amp#27;[32muser enters employee ID&amp#27;[0m                                                                                                                                                                                                                                      &amp#27;[90m# steps.EmployeeSearchSteps.user_enters_employee_id()&amp#27;[0m
  &amp#27;[32mAnd &amp#27;[0m&amp#27;[32muser clicks on search button&amp#27;[0m                                                                                                                                                                                                                                 &amp#27;[90m# steps.EmployeeSearchSteps.user_clicks_on_search_button()&amp#27;[0m
test passed
  &amp#27;[32mThen &amp#27;[0m&amp#27;[32muser is able to see searched employee on screen&amp#27;[0m                                                                                                                                                                                                             &amp#27;[90m# steps.EmployeeSearchSteps.user_is_able_to_see_searched_employee_on_screen()&amp#27;[0m
  &amp#27;[32mWhen &amp#27;[0m&amp#27;[32muser clicks on id field&amp#27;[0m                                                                                                                                                                                                                                     &amp#27;[90m# steps.EditContactDetailsSteps.user_clicks_on_id_field()&amp#27;[0m
  &amp#27;[32mThen &amp#27;[0m&amp#27;[32muser clicks the Contact Details section&amp#27;[0m                                                                                                                                                                                                                     &amp#27;[90m# steps.EditContactDetailsSteps.user_clicks_the_contact_details_section()&amp#27;[0m
  &amp#27;[32mAnd &amp#27;[0m&amp#27;[32muser clicks on edit button&amp#27;[0m                                                                                                                                                                                                                                   &amp#27;[90m# steps.EditContactDetailsSteps.user_clicks_on_edit_button()&amp#27;[0m
  &amp#27;[32mAnd &amp#27;[0m&amp#27;[32muser updates his common information with the following details: &amp#27;[0m&amp#27;[32m&amp#27;[1m"2630 Ocean Ave"&amp#27;[0m&amp#27;[32m and &amp#27;[0m&amp#27;[32m&amp#27;[1m"Apt A4"&amp#27;[0m&amp#27;[32m and &amp#27;[0m&amp#27;[32m&amp#27;[1m"Brooklyn"&amp#27;[0m&amp#27;[32m and &amp#27;[0m&amp#27;[32m&amp#27;[1m"New York"&amp#27;[0m&amp#27;[32m and &amp#27;[0m&amp#27;[32m&amp#27;[1m"11229"&amp#27;[0m&amp#27;[32m and &amp#27;[0m&amp#27;[32m&amp#27;[1m"United States"&amp#27;[0m&amp#27;[32m and &amp#27;[0m&amp#27;[32m&amp#27;[1m"123-456-7890"&amp#27;[0m&amp#27;[32m and &amp#27;[0m&amp#27;[32m&amp#27;[1m"987-654-3210"&amp#27;[0m&amp#27;[32m and &amp#27;[0m&amp#27;[32m&amp#27;[1m"456-789-0123"&amp#27;[0m&amp#27;[32m and &amp#27;[0m&amp#27;[32m&amp#27;[1m"nick@gmail.com"&amp#27;[0m&amp#27;[32m and &amp#27;[0m&amp#27;[32m&amp#27;[1m"nick@aol.com"&amp#27;[0m &amp#27;[90m# steps.EditContactDetailsSteps.user_updates_his_common_information_with_the_following_details_and_and_and_and_and_and_and_and_and_and(java.lang.String,java.lang.String,java.lang.String,java.lang.String,java.lang.String,java.lang.String,java.lang.String,java.lang.String,java.lang.String,java.lang.String,java.lang.String)&amp#27;[0m
  &amp#27;[32mThen &amp#27;[0m&amp#27;[32mthe contact information should be updated successfully&amp#27;[0m                                                                                                                                                                                                      &amp#27;[90m# steps.EditContactDetailsSteps.the_contact_information_should_be_updated_successfully()&amp#27;[0m

    Embedding Edit contact information successfully [image/png 88414 bytes]

]]></system-out>
    <system-err><![CDATA[SLF4J: Failed to load class "org.slf4j.impl.StaticLoggerBinder".
SLF4J: Defaulting to no-operation (NOP) logger implementation
SLF4J: See http://www.slf4j.org/codes.html#StaticLoggerBinder for further details.
Nov 29, 2024 10:31:38 PM org.openqa.selenium.devtools.CdpVersionFinder findNearestMatch
WARNING: Unable to find CDP implementation matching 131
Nov 29, 2024 10:31:38 PM org.openqa.selenium.chromium.ChromiumDriver lambda$new$5
WARNING: Unable to find version of CDP to use for 131.0.6778.86. You may need to include a dependency on a specific version of the CDP using something similar to `org.seleniumhq.selenium:selenium-devtools-v86:4.11.0` where the version ("v86") matches the version of the chromium-based browser you're using and the version number of the artifact is the same as Selenium's.
]]></system-err>
  </testcase>
</testsuite>